{
  "stats": {
    "suites": 3,
    "tests": 16,
    "passes": 16,
    "pending": 0,
    "failures": 0,
    "start": "2026-09-20T17:23:35.369Z",
    "end": "2026-09-20T17:23:36.409Z",
    "duration": 1040,
    "testsRegistered": 16,
    "passPercent": 100,
    "pendingPercent": 0,
    "other": 0,
    "hasOther": false,
    "skipped": 0,
    "hasSkipped": false
  },
  "results": [
    {
      "uuid": "6b0b1a69-6a78-44f7-99d2-9d6bcfe55a17",
      "title": "",
      "fullFile": "",
      "file": "",
      "beforeHooks": [],
      "afterHooks": [],
      "tests": [],
      "suites": [
        {
          "uuid": "cfdded0f-1bf0-4368-84f7-3247a0dcfd5c",
          "title": "Fluxo de aluno: aluna Joana",
          "fullFile": "C:\\QAx\\API\\gestao-de-alunos-api\\test\\Externo\\alunos.externo.test.js",
          "file": "\\test\\Externo\\alunos.externo.test.js",
          "beforeHooks": [],
          "afterHooks": [],
          "tests": [
            {
              "title": "deve realizar login como administrador",
              "fullTitle": "Fluxo de aluno: aluna Joana deve realizar login como administrador",
              "timedOut": false,
              "duration": 141,
              "state": "passed",
              "speed": "slow",
              "pass": true,
              "fail": false,
              "pending": false,
              "context": null,
              "code": "const loginResposta = await loginAdmin(URL_BASE, dadosTeste.admin);\nexpect(loginResposta.status).to.equal(200);\nexpect(loginResposta.body.token).to.be.a('string');\nexpect(loginResposta.body.usuario).to.include({\n    email: dadosTeste.admin.email,\n    role: 'admin'\n});\ntokenAdmin = loginResposta.body.token;",
              "err": {},
              "uuid": "7304ea5e-2be7-41d9-8729-8f463286e25f",
              "parentUUID": "cfdded0f-1bf0-4368-84f7-3247a0dcfd5c",
              "isHook": false,
              "skipped": false
            },
            {
              "title": "deve cadastrar um aluno com dados únicos",
              "fullTitle": "Fluxo de aluno: aluna Joana deve cadastrar um aluno com dados únicos",
              "timedOut": false,
              "duration": 110,
              "state": "passed",
              "speed": "slow",
              "pass": true,
              "fail": false,
              "pending": false,
              "context": null,
              "code": "const cadastroAlunoResposta = await request(URL_BASE)\n    .post('/api/admin/alunos')\n    .set('Authorization', `Bearer ${tokenAdmin}`)\n    .send(aluno);\nexpect(cadastroAlunoResposta.status).to.equal(201);\nexpect(cadastroAlunoResposta.body).to.include({\n    nome: aluno.nome,\n    email: aluno.email,\n    matricula: aluno.matricula\n});\nalunoId = cadastroAlunoResposta.body.id;\nexpect(alunoId).to.be.a('string');",
              "err": {},
              "uuid": "307f3a61-dd2e-47aa-8ad3-74b6b8e5a832",
              "parentUUID": "cfdded0f-1bf0-4368-84f7-3247a0dcfd5c",
              "isHook": false,
              "skipped": false
            },
            {
              "title": "deve matricular o aluno em uma disciplina",
              "fullTitle": "Fluxo de aluno: aluna Joana deve matricular o aluno em uma disciplina",
              "timedOut": false,
              "duration": 5,
              "state": "passed",
              "speed": "fast",
              "pass": true,
              "fail": false,
              "pending": false,
              "context": null,
              "code": "const matriculaResposta = await request(URL_BASE)\n    .post(`/api/admin/disciplinas/${cenario.disciplinaId}/matriculas`)\n    .set('Authorization', `Bearer ${tokenAdmin}`)\n    .send({ alunoId });\nexpect(matriculaResposta.status).to.equal(201);\nexpect(matriculaResposta.body).to.include({\n    alunoId,\n    disciplinaId: cenario.disciplinaId\n});",
              "err": {},
              "uuid": "9fd7a3d7-ad12-467c-a7fa-4bd20e372b7b",
              "parentUUID": "cfdded0f-1bf0-4368-84f7-3247a0dcfd5c",
              "isHook": false,
              "skipped": false
            },
            {
              "title": "deve realizar login como o aluno cadastrado",
              "fullTitle": "Fluxo de aluno: aluna Joana deve realizar login como o aluno cadastrado",
              "timedOut": false,
              "duration": 112,
              "state": "passed",
              "speed": "slow",
              "pass": true,
              "fail": false,
              "pending": false,
              "context": null,
              "code": "const loginAlunoResposta = await loginAluno(URL_BASE, {\n    email: aluno.email,\n    senha: aluno.senha\n});\nexpect(loginAlunoResposta.status).to.equal(200);\nexpect(loginAlunoResposta.body.usuario).to.include({\n    id: alunoId,\n    email: aluno.email,\n    role: 'aluno'\n});\nexpect(loginAlunoResposta.body.token).to.be.a('string');\ntokenAluno = loginAlunoResposta.body.token;",
              "err": {},
              "uuid": "40b892fb-b22b-49dd-b737-e00b4b3cf4e1",
              "parentUUID": "cfdded0f-1bf0-4368-84f7-3247a0dcfd5c",
              "isHook": false,
              "skipped": false
            },
            {
              "title": "deve registrar a entrega do trabalho como aluno",
              "fullTitle": "Fluxo de aluno: aluna Joana deve registrar a entrega do trabalho como aluno",
              "timedOut": false,
              "duration": 4,
              "state": "passed",
              "speed": "fast",
              "pass": true,
              "fail": false,
              "pending": false,
              "context": null,
              "code": "const resposta = await request(URL_BASE)\n    .post(`/api/alunos/${alunoId}/trabalhos`)\n    .set('Authorization', `Bearer ${tokenAluno}`)\n    .send({\n        disciplinaId: cenario.disciplinaId,\n        ...cenario.trabalho\n    });\nexpect(resposta.status).to.equal(201);\nentrega = resposta.body;",
              "err": {},
              "uuid": "ea1b3fa6-32a3-40d9-bf71-ef21f0b06795",
              "parentUUID": "cfdded0f-1bf0-4368-84f7-3247a0dcfd5c",
              "isHook": false,
              "skipped": false
            },
            {
              "title": "deve validar status, usuário, papel e dados da entrega",
              "fullTitle": "Fluxo de aluno: aluna Joana deve validar status, usuário, papel e dados da entrega",
              "timedOut": false,
              "duration": 1,
              "state": "passed",
              "speed": "fast",
              "pass": true,
              "fail": false,
              "pending": false,
              "context": null,
              "code": "expect(entrega).to.include({\n    alunoId,\n    disciplinaId: cenario.disciplinaId,\n    ...cenario.trabalho,\n    status: 'entregue'\n});\nexpect(tokenAdmin).to.be.a('string');\nexpect(tokenAluno).to.be.a('string');\nexpect(entrega.id).to.be.a('string');",
              "err": {},
              "uuid": "60be6722-81c6-4e21-b7d4-d9325a09f4eb",
              "parentUUID": "cfdded0f-1bf0-4368-84f7-3247a0dcfd5c",
              "isHook": false,
              "skipped": false
            }
          ],
          "suites": [],
          "passes": [
            "7304ea5e-2be7-41d9-8729-8f463286e25f",
            "307f3a61-dd2e-47aa-8ad3-74b6b8e5a832",
            "9fd7a3d7-ad12-467c-a7fa-4bd20e372b7b",
            "40b892fb-b22b-49dd-b737-e00b4b3cf4e1",
            "ea1b3fa6-32a3-40d9-bf71-ef21f0b06795",
            "60be6722-81c6-4e21-b7d4-d9325a09f4eb"
          ],
          "failures": [],
          "pending": [],
          "skipped": [],
          "duration": 373,
          "root": false,
          "rootEmpty": false,
          "_timeout": 2000
        },
        {
          "uuid": "b517a419-9165-4956-ab2b-e5883b8d0588",
          "title": "Fluxo de aluno: aluno Marcos",
          "fullFile": "C:\\QAx\\API\\gestao-de-alunos-api\\test\\Externo\\alunos.externo.test.js",
          "file": "\\test\\Externo\\alunos.externo.test.js",
          "beforeHooks": [],
          "afterHooks": [],
          "tests": [
            {
              "title": "deve realizar login como administrador",
              "fullTitle": "Fluxo de aluno: aluno Marcos deve realizar login como administrador",
              "timedOut": false,
              "duration": 113,
              "state": "passed",
              "speed": "slow",
              "pass": true,
              "fail": false,
              "pending": false,
              "context": null,
              "code": "const loginResposta = await loginAdmin(URL_BASE, dadosTeste.admin);\nexpect(loginResposta.status).to.equal(200);\nexpect(loginResposta.body.token).to.be.a('string');\nexpect(loginResposta.body.usuario).to.include({\n    email: dadosTeste.admin.email,\n    role: 'admin'\n});\ntokenAdmin = loginResposta.body.token;",
              "err": {},
              "uuid": "5a7b82a9-9e24-4fb1-adc1-b32992ed06aa",
              "parentUUID": "b517a419-9165-4956-ab2b-e5883b8d0588",
              "isHook": false,
              "skipped": false
            },
            {
              "title": "deve cadastrar um aluno com dados únicos",
              "fullTitle": "Fluxo de aluno: aluno Marcos deve cadastrar um aluno com dados únicos",
              "timedOut": false,
              "duration": 112,
              "state": "passed",
              "speed": "slow",
              "pass": true,
              "fail": false,
              "pending": false,
              "context": null,
              "code": "const cadastroAlunoResposta = await request(URL_BASE)\n    .post('/api/admin/alunos')\n    .set('Authorization', `Bearer ${tokenAdmin}`)\n    .send(aluno);\nexpect(cadastroAlunoResposta.status).to.equal(201);\nexpect(cadastroAlunoResposta.body).to.include({\n    nome: aluno.nome,\n    email: aluno.email,\n    matricula: aluno.matricula\n});\nalunoId = cadastroAlunoResposta.body.id;\nexpect(alunoId).to.be.a('string');",
              "err": {},
              "uuid": "ef7517ba-d6cb-455c-a164-c9fce0841399",
              "parentUUID": "b517a419-9165-4956-ab2b-e5883b8d0588",
              "isHook": false,
              "skipped": false
            },
            {
              "title": "deve matricular o aluno em uma disciplina",
              "fullTitle": "Fluxo de aluno: aluno Marcos deve matricular o aluno em uma disciplina",
              "timedOut": false,
              "duration": 5,
              "state": "passed",
              "speed": "fast",
              "pass": true,
              "fail": false,
              "pending": false,
              "context": null,
              "code": "const matriculaResposta = await request(URL_BASE)\n    .post(`/api/admin/disciplinas/${cenario.disciplinaId}/matriculas`)\n    .set('Authorization', `Bearer ${tokenAdmin}`)\n    .send({ alunoId });\nexpect(matriculaResposta.status).to.equal(201);\nexpect(matriculaResposta.body).to.include({\n    alunoId,\n    disciplinaId: cenario.disciplinaId\n});",
              "err": {},
              "uuid": "74961b0b-d441-4ddb-b1cf-62b3194020c5",
              "parentUUID": "b517a419-9165-4956-ab2b-e5883b8d0588",
              "isHook": false,
              "skipped": false
            },
            {
              "title": "deve realizar login como o aluno cadastrado",
              "fullTitle": "Fluxo de aluno: aluno Marcos deve realizar login como o aluno cadastrado",
              "timedOut": false,
              "duration": 118,
              "state": "passed",
              "speed": "slow",
              "pass": true,
              "fail": false,
              "pending": false,
              "context": null,
              "code": "const loginAlunoResposta = await loginAluno(URL_BASE, {\n    email: aluno.email,\n    senha: aluno.senha\n});\nexpect(loginAlunoResposta.status).to.equal(200);\nexpect(loginAlunoResposta.body.usuario).to.include({\n    id: alunoId,\n    email: aluno.email,\n    role: 'aluno'\n});\nexpect(loginAlunoResposta.body.token).to.be.a('string');\ntokenAluno = loginAlunoResposta.body.token;",
              "err": {},
              "uuid": "86301bfc-c3d3-4447-9965-2c0fb63452c6",
              "parentUUID": "b517a419-9165-4956-ab2b-e5883b8d0588",
              "isHook": false,
              "skipped": false
            },
            {
              "title": "deve registrar a entrega do trabalho como aluno",
              "fullTitle": "Fluxo de aluno: aluno Marcos deve registrar a entrega do trabalho como aluno",
              "timedOut": false,
              "duration": 6,
              "state": "passed",
              "speed": "fast",
              "pass": true,
              "fail": false,
              "pending": false,
              "context": null,
              "code": "const resposta = await request(URL_BASE)\n    .post(`/api/alunos/${alunoId}/trabalhos`)\n    .set('Authorization', `Bearer ${tokenAluno}`)\n    .send({\n        disciplinaId: cenario.disciplinaId,\n        ...cenario.trabalho\n    });\nexpect(resposta.status).to.equal(201);\nentrega = resposta.body;",
              "err": {},
              "uuid": "b50d3026-ef68-4eae-8383-e2fd2967f846",
              "parentUUID": "b517a419-9165-4956-ab2b-e5883b8d0588",
              "isHook": false,
              "skipped": false
            },
            {
              "title": "deve validar status, usuário, papel e dados da entrega",
              "fullTitle": "Fluxo de aluno: aluno Marcos deve validar status, usuário, papel e dados da entrega",
              "timedOut": false,
              "duration": 0,
              "state": "passed",
              "speed": "fast",
              "pass": true,
              "fail": false,
              "pending": false,
              "context": null,
              "code": "expect(entrega).to.include({\n    alunoId,\n    disciplinaId: cenario.disciplinaId,\n    ...cenario.trabalho,\n    status: 'entregue'\n});\nexpect(tokenAdmin).to.be.a('string');\nexpect(tokenAluno).to.be.a('string');\nexpect(entrega.id).to.be.a('string');",
              "err": {},
              "uuid": "499ac887-29d5-40b8-8372-5541ea7b11c7",
              "parentUUID": "b517a419-9165-4956-ab2b-e5883b8d0588",
              "isHook": false,
              "skipped": false
            }
          ],
          "suites": [],
          "passes": [
            "5a7b82a9-9e24-4fb1-adc1-b32992ed06aa",
            "ef7517ba-d6cb-455c-a164-c9fce0841399",
            "74961b0b-d441-4ddb-b1cf-62b3194020c5",
            "86301bfc-c3d3-4447-9965-2c0fb63452c6",
            "b50d3026-ef68-4eae-8383-e2fd2967f846",
            "499ac887-29d5-40b8-8372-5541ea7b11c7"
          ],
          "failures": [],
          "pending": [],
          "skipped": [],
          "duration": 354,
          "root": false,
          "rootEmpty": false,
          "_timeout": 2000
        },
        {
          "uuid": "982c2347-8e5d-4401-b3c1-1475d1ce8c7c",
          "title": "Login",
          "fullFile": "C:\\QAx\\API\\gestao-de-alunos-api\\test\\Interno\\login.test.js",
          "file": "\\test\\Interno\\login.test.js",
          "beforeHooks": [],
          "afterHooks": [],
          "tests": [
            {
              "title": "deve retornar 200 quando o usuário e senha forem corretos",
              "fullTitle": "Login deve retornar 200 quando o usuário e senha forem corretos",
              "timedOut": false,
              "duration": 152,
              "state": "passed",
              "speed": "slow",
              "pass": true,
              "fail": false,
              "pending": false,
              "context": null,
              "code": "const loginResposta = await request(app)\n    .post('/api/auth/login')\n    .set('Content-Type', 'application/json')\n    .send({ 'email': 'admin@escola.com', 'senha': 'admin123' });\n\nexpect(loginResposta.status).to.equal(200);",
              "err": {},
              "uuid": "b32d0e34-cc1c-4851-86dd-829adc909fef",
              "parentUUID": "982c2347-8e5d-4401-b3c1-1475d1ce8c7c",
              "isHook": false,
              "skipped": false
            },
            {
              "title": "deve retornar 400 quando a requisição for inválida (dados ausentes)",
              "fullTitle": "Login deve retornar 400 quando a requisição for inválida (dados ausentes)",
              "timedOut": false,
              "duration": 7,
              "state": "passed",
              "speed": "fast",
              "pass": true,
              "fail": false,
              "pending": false,
              "context": null,
              "code": "const loginResposta = await request(app)\n    .post('/api/auth/login')\n    .set('Content-Type', 'application/json')\n    .send({ 'email': 'admin@escola.com',\n            'senha': ''\n     }); // 👈 Faltando preencher o campo 'senha'\n// Valida se o status HTTP é 400\nexpect(loginResposta.status).to.equal(400);\n// Valida a presença da propriedade \"error\" no objeto JSON retornado\nexpect(loginResposta.body).to.have.property('error');\nexpect(loginResposta.body.error).to.be.a('string');\n     \n//console.log(loginResposta.body.error);\n//expect(loginResposta.status.body.error).to.equal('Os campos \"email\" e \"senha\" são obrigatórios.');",
              "err": {},
              "uuid": "0ce74157-cfc7-4415-be93-472f20666f1b",
              "parentUUID": "982c2347-8e5d-4401-b3c1-1475d1ce8c7c",
              "isHook": false,
              "skipped": false
            },
            {
              "title": "deve retornar 401 quando o senha estiver inválida",
              "fullTitle": "Login deve retornar 401 quando o senha estiver inválida",
              "timedOut": false,
              "duration": 121,
              "state": "passed",
              "speed": "slow",
              "pass": true,
              "fail": false,
              "pending": false,
              "context": null,
              "code": "const loginResposta = await request(app)\n    .post('/api/auth/login')\n    .set('Content-Type', 'application/json')\n    .send({ 'email': 'admin@escola.com',\n            'senha': '8454'\n     }); // 👈 Faltando preencher o campo 'senha' inválida\n// Valida se o status HTTP é 401\nexpect(loginResposta.status).to.equal(401);\n// Valida se a mensagem de erro esperada foi retornada\nexpect(loginResposta.body).to.have.property('error');\nexpect(loginResposta.body.error).to.be.a('string');",
              "err": {},
              "uuid": "b8fd0fb6-e675-4afb-8dc3-73abe2d5ee0e",
              "parentUUID": "982c2347-8e5d-4401-b3c1-1475d1ce8c7c",
              "isHook": false,
              "skipped": false
            },
            {
              "title": "deve retornar 500 Mock",
              "fullTitle": "Login deve retornar 500 Mock",
              "timedOut": false,
              "duration": 10,
              "state": "passed",
              "speed": "fast",
              "pass": true,
              "fail": false,
              "pending": false,
              "context": null,
              "code": "const authServiceMock = sinon.stub(authService, 'login');\nauthServiceMock.throws(new Error('ERRO CASTRATROFICO'));\nconst loginResposta = await request(app)\n    .post('/api/auth/login')\n    .set('Content-Type', 'application/json')\n    .send({ 'email': 'admin@escola.com',\n            'senha': '8454'\n     }); // 👈 Faltando preencher o campo 'senha' inválida\n//console.log(loginResposta.body.error);\n// Valida se o status HTTP é 500\nexpect(loginResposta.status).to.equal(500);\nexpect(loginResposta.body.error).to.equal('Erro interno do servidor.');\n// Valida se a mensagem de erro esperada foi retornada\nexpect(loginResposta.body).to.have.property('error');\nexpect(loginResposta.body.error).to.be.a('string');\nsinon.restore();",
              "err": {},
              "uuid": "7555ef5a-593a-44be-937d-e4af70fcec7c",
              "parentUUID": "982c2347-8e5d-4401-b3c1-1475d1ce8c7c",
              "isHook": false,
              "skipped": false
            }
          ],
          "suites": [],
          "passes": [
            "b32d0e34-cc1c-4851-86dd-829adc909fef",
            "0ce74157-cfc7-4415-be93-472f20666f1b",
            "b8fd0fb6-e675-4afb-8dc3-73abe2d5ee0e",
            "7555ef5a-593a-44be-937d-e4af70fcec7c"
          ],
          "failures": [],
          "pending": [],
          "skipped": [],
          "duration": 290,
          "root": false,
          "rootEmpty": false,
          "_timeout": 2000
        }
      ],
      "passes": [],
      "failures": [],
      "pending": [],
      "skipped": [],
      "duration": 0,
      "root": true,
      "rootEmpty": true,
      "_timeout": 2000
    }
  ],
  "meta": {
    "mocha": {
      "version": "11.8.0"
    },
    "mochawesome": {
      "options": {
        "quiet": false,
        "reportFilename": "mochawesome",
        "saveHtml": true,
        "saveJson": true,
        "consoleReporter": "spec",
        "useInlineDiffs": false,
        "code": true
      },
      "version": "8.1.1"
    },
    "marge": {
      "options": {
        "reportDir": "mochawesome-report",
        "overwrite": "true",
        "html": "true",
        "json": "true"
      },
      "version": "6.3.2"
    }
  }
}